<?xml version="1.0" encoding="UTF-8"?>
<!-- Generated by org.testng.reporters.JUnitXMLReporter -->
<testsuite ignored="1" hostname="DESKTOP-B5ADGL1" failures="0" tests="2" name="Default test" time="0.082" errors="0" timestamp="2022-02-22T13:10:01 CST">
  <testcase classname="project.HrDept" name="Test3" time="0.015"/>
  <testcase classname="project.HrDept" name="bTest4" time="0.002"/>
  <testcase classname="project.HrDept" name="Test5" time="0.0">
    <ignored/>
  </testcase> <!-- Test5 -->
</testsuite> <!-- Default test -->
