<?xml version="1.0" encoding="UTF-8"?>
<!-- Generated by org.testng.reporters.JUnitXMLReporter -->
<testsuite ignored="1" hostname="DESKTOP-B5ADGL1" failures="0" tests="4" name="Test" time="0.103" errors="0" timestamp="2022-02-23T15:43:04 CST">
  <testcase classname="project.HrDept" name="Test3" time="0.007"/>
  <testcase classname="project.HrDept" name="bTest4" time="0.001"/>
  <testcase classname="project.HrDept" name="bTest4" time="0.001"/>
  <testcase classname="project.LoanDept" name="Test2" time="0.0"/>
  <testcase classname="project.HrDept" name="Test5" time="0.0">
    <ignored/>
  </testcase> <!-- Test5 -->
</testsuite> <!-- Test -->
